[35m[1mScanning dependencies of target std_msgs_generate_messages_nodejs[0m
[35m[1mScanning dependencies of target subscriber[0m
[35m[1mScanning dependencies of target publisher[0m
[35m[1mScanning dependencies of target std_msgs_generate_messages_py[0m
[  0%] Built target std_msgs_generate_messages_nodejs
[  0%] Built target std_msgs_generate_messages_py
[35m[1mScanning dependencies of target std_msgs_generate_messages_lisp[0m
[35m[1mScanning dependencies of target std_msgs_generate_messages_eus[0m
[ 20%] [32mBuilding CXX object CMakeFiles/subscriber.dir/src/subscriber.cpp.o[0m
[ 40%] [32mBuilding CXX object CMakeFiles/publisher.dir/src/publisher.cpp.o[0m
[ 40%] Built target std_msgs_generate_messages_eus
[ 40%] Built target std_msgs_generate_messages_lisp
[35m[1mScanning dependencies of target std_msgs_generate_messages_cpp[0m
[ 40%] Built target std_msgs_generate_messages_cpp
[35m[1mScanning dependencies of target ros_intro_generate_messages_py[0m
[35m[1mScanning dependencies of target ros_intro_generate_messages_nodejs[0m
[ 40%] Built target ros_intro_generate_messages_py
[ 40%] Built target ros_intro_generate_messages_nodejs
[35m[1mScanning dependencies of target ros_intro_generate_messages_lisp[0m
[35m[1mScanning dependencies of target ros_intro_generate_messages_eus[0m
[35m[1mScanning dependencies of target ros_intro_generate_messages_cpp[0m
[ 40%] Built target ros_intro_generate_messages_lisp
[ 60%] [34m[1mGenerating EusLisp manifest code for ros_intro[0m
[ 60%] Built target ros_intro_generate_messages_cpp
[ 60%] Built target ros_intro_generate_messages_eus
[35m[1mScanning dependencies of target ros_intro_generate_messages[0m
[ 60%] Built target ros_intro_generate_messages
[ 80%] [32m[1mLinking CXX executable /home/neill/ros/uoz_robotics_class/devel/.private/ros_intro/lib/ros_intro/publisher[0m
[ 80%] Built target publisher
[100%] [32m[1mLinking CXX executable /home/neill/ros/uoz_robotics_class/devel/.private/ros_intro/lib/ros_intro/subscriber[0m
[100%] Built target subscriber
