[36m--[0m Using CATKIN_DEVEL_PREFIX: /home/neill/ros/uoz_robotics_class/devel/.private/navigation
[36m--[0m Using CMAKE_PREFIX_PATH: /home/neill/ros/uoz_robotics_class/devel;/opt/ros/noetic
[36m--[0m This workspace overlays: /home/neill/ros/uoz_robotics_class/devel;/opt/ros/noetic
[36m--[0m Found PythonInterp: /usr/bin/python3 (found suitable version "3.8.10", minimum required is "3")
[36m--[0m Using PYTHON_EXECUTABLE: /usr/bin/python3
[36m--[0m Using Debian Python package layout
[36m--[0m Using empy: /usr/lib/python3/dist-packages/em.py
[36m--[0m Using CATKIN_ENABLE_TESTING: ON
[36m--[0m Call enable_testing()
[36m--[0m Using CATKIN_TEST_RESULTS_DIR: /home/neill/ros/uoz_robotics_class/build/navigation/test_results
[36m--[0m Forcing gtest/gmock from source, though one was otherwise available.
[36m--[0m Found gtest sources under '/usr/src/googletest': gtests will be built
[36m--[0m Found gmock sources under '/usr/src/googletest': gmock will be built
[36m--[0m Found PythonInterp: /usr/bin/python3 (found version "3.8.10")
[36m--[0m Using Python nosetests: /usr/bin/nosetests3
[36m--[0m catkin 0.8.10
[36m--[0m BUILD_SHARED_LIBS is on
[36m--[0m Using these message generators: gencpp;geneus;genlisp;gennodejs;genpy
[31m[1mCMake Error[0m at /opt/ros/noetic/share/catkin/cmake/catkin_python_setup.cmake:31 (message):
  catkin_python_setup() called without 'setup.py' in project folder '
  /home/neill/ros/uoz_robotics_class/src/navigation'
[36mCall Stack (most recent call first):[0m
  CMakeLists.txt:29 (catkin_python_setup)


[36m--[0m Configuring incomplete, errors occurred!
See also "/home/neill/ros/uoz_robotics_class/build/navigation/CMakeFiles/CMakeOutput.log".
See also "/home/neill/ros/uoz_robotics_class/build/navigation/CMakeFiles/CMakeError.log".
make: *** [Makefile:1202: cmake_check_build_system] Error 1
